# JRE version: Java(TM) SE Runtime Environment (8.0_161-b12) (build 1.8.0_161-b12)
# Java VM: Java HotSpot(TM) 64-Bit Server VM (25.161-b12 mixed mode linux-amd64 compressed oops)
Heap:
 PSYoungGen      total 325120K, used 6002K [0x00000000eab00000, 0x0000000100000000, 0x0000000100000000)
  eden space 303104K, 1% used [0x00000000eab00000,0x00000000eb0dc930,0x00000000fd300000)
  from space 22016K, 0% used [0x00000000fd300000,0x00000000fd300000,0x00000000fe880000)
  to   space 24064K, 0% used [0x00000000fe880000,0x00000000fe880000,0x0000000100000000)
 ParOldGen       total 699392K, used 468913K [0x00000000c0000000, 0x00000000eab00000, 0x00000000eab00000)
  object space 699392K, 67% used [0x00000000c0000000,0x00000000dc9ec7f0,0x00000000eab00000)
 Metaspace       used 125888K, capacity 131736K, committed 207192K, reserved 1204224K
  class space    used 19493K, capacity 21116K, committed 52864K, reserved 1048576K
GC Heap History (10 events):
Event: 13225.558 GC heap before
{Heap before GC invocations=271 (full 9):
 PSYoungGen      total 324608K, used 308895K [0x00000000eab00000, 0x00000000fff80000, 0x0000000100000000)
  eden space 302080K, 100% used [0x00000000eab00000,0x00000000fd200000,0x00000000fd200000)
  from space 22528K, 30% used [0x00000000fd200000,0x00000000fd8a7f98,0x00000000fe800000)
  to   space 22016K, 0% used [0x00000000fea00000,0x00000000fea00000,0x00000000fff80000)
 ParOldGen       total 699392K, used 634524K [0x00000000c0000000, 0x00000000eab00000, 0x00000000eab00000)
  object space 699392K, 90% used [0x00000000c0000000,0x00000000e6ba7178,0x00000000eab00000)
 Metaspace       used 333151K, capacity 340522K, committed 345304K, reserved 1341440K
  class space    used 49461K, capacity 51442K, committed 52736K, reserved 1048576K
Event: 13225.572 GC heap after
Heap after GC invocations=271 (full 9):
 PSYoungGen      total 324096K, used 17238K [0x00000000eab00000, 0x0000000100000000, 0x0000000100000000)
  eden space 302080K, 0% used [0x00000000eab00000,0x00000000eab00000,0x00000000fd200000)
  from space 22016K, 78% used [0x00000000fea00000,0x00000000ffad5b80,0x00000000fff80000)
  to   space 23552K, 0% used [0x00000000fd200000,0x00000000fd200000,0x00000000fe900000)
 ParOldGen       total 699392K, used 639147K [0x00000000c0000000, 0x00000000eab00000, 0x00000000eab00000)
  object space 699392K, 91% used [0x00000000c0000000,0x00000000e702aff0,0x00000000eab00000)
 Metaspace       used 333151K, capacity 340522K, committed 345304K, reserved 1341440K
  class space    used 49461K, capacity 51442K, committed 52736K, reserved 1048576K
}
Event: 13231.022 GC heap before
{Heap before GC invocations=272 (full 9):
 PSYoungGen      total 324096K, used 319318K [0x00000000eab00000, 0x0000000100000000, 0x0000000100000000)
  eden space 302080K, 100% used [0x00000000eab00000,0x00000000fd200000,0x00000000fd200000)
  from space 22016K, 78% used [0x00000000fea00000,0x00000000ffad5b80,0x00000000fff80000)
  to   space 23552K, 0% used [0x00000000fd200000,0x00000000fd200000,0x00000000fe900000)
 ParOldGen       total 699392K, used 639147K [0x00000000c0000000, 0x00000000eab00000, 0x00000000eab00000)
  object space 699392K, 91% used [0x00000000c0000000,0x00000000e702aff0,0x00000000eab00000)
 Metaspace       used 333154K, capacity 340522K, committed 345304K, reserved 1341440K
  class space    used 49461K, capacity 51442K, committed 52736K, reserved 1048576K
Event: 13231.033 GC heap after
Heap after GC invocations=272 (full 9):
 PSYoungGen      total 325632K, used 9416K [0x00000000eab00000, 0x00000000fff80000, 0x0000000100000000)
  eden space 302080K, 0% used [0x00000000eab00000,0x00000000eab00000,0x00000000fd200000)
  from space 23552K, 39% used [0x00000000fd200000,0x00000000fdb32058,0x00000000fe900000)
  to   space 22528K, 0% used [0x00000000fe980000,0x00000000fe980000,0x00000000fff80000)
 ParOldGen       total 699392K, used 642489K [0x00000000c0000000, 0x00000000eab00000, 0x00000000eab00000)
  object space 699392K, 91% used [0x00000000c0000000,0x00000000e736e410,0x00000000eab00000)
 Metaspace       used 333154K, capacity 340522K, committed 345304K, reserved 1341440K
  class space    used 49461K, capacity 51442K, committed 52736K, reserved 1048576K
}
Event: 13231.274 GC heap before
{Heap before GC invocations=273 (full 9):
 PSYoungGen      total 325632K, used 311496K [0x00000000eab00000, 0x00000000fff80000, 0x0000000100000000)
  eden space 302080K, 100% used [0x00000000eab00000,0x00000000fd200000,0x00000000fd200000)
  from space 23552K, 39% used [0x00000000fd200000,0x00000000fdb32058,0x00000000fe900000)
  to   space 22528K, 0% used [0x00000000fe980000,0x00000000fe980000,0x00000000fff80000)
 ParOldGen       total 699392K, used 642489K [0x00000000c0000000, 0x00000000eab00000, 0x00000000eab00000)
  object space 699392K, 91% used [0x00000000c0000000,0x00000000e736e410,0x00000000eab00000)
 Metaspace       used 333154K, capacity 340522K, committed 345304K, reserved 1341440K
  class space    used 49461K, capacity 51442K, committed 52736K, reserved 1048576K
Event: 13231.281 GC heap after
Heap after GC invocations=273 (full 9):
 PSYoungGen      total 324096K, used 7968K [0x00000000eab00000, 0x00000000ffe00000, 0x0000000100000000)
  eden space 303104K, 0% used [0x00000000eab00000,0x00000000eab00000,0x00000000fd300000)
  from space 20992K, 37% used [0x00000000fe980000,0x00000000ff148000,0x00000000ffe00000)
  to   space 22016K, 0% used [0x00000000fd300000,0x00000000fd300000,0x00000000fe880000)
 ParOldGen       total 699392K, used 646994K [0x00000000c0000000, 0x00000000eab00000, 0x00000000eab00000)
  object space 699392K, 92% used [0x00000000c0000000,0x00000000e77d48b8,0x00000000eab00000)
 Metaspace       used 333154K, capacity 340522K, committed 345304K, reserved 1341440K
  class space    used 49461K, capacity 51442K, committed 52736K, reserved 1048576K
}
Event: 13231.752 GC heap before
{Heap before GC invocations=274 (full 9):
 PSYoungGen      total 324096K, used 311072K [0x00000000eab00000, 0x00000000ffe00000, 0x0000000100000000)
  eden space 303104K, 100% used [0x00000000eab00000,0x00000000fd300000,0x00000000fd300000)
  from space 20992K, 37% used [0x00000000fe980000,0x00000000ff148000,0x00000000ffe00000)
  to   space 22016K, 0% used [0x00000000fd300000,0x00000000fd300000,0x00000000fe880000)
 ParOldGen       total 699392K, used 646994K [0x00000000c0000000, 0x00000000eab00000, 0x00000000eab00000)
  object space 699392K, 92% used [0x00000000c0000000,0x00000000e77d48b8,0x00000000eab00000)
 Metaspace       used 334224K, capacity 341634K, committed 346456K, reserved 1343488K
  class space    used 49597K, capacity 51578K, committed 52864K, reserved 1048576K
Event: 13231.783 GC heap after
Heap after GC invocations=274 (full 9):
 PSYoungGen      total 325120K, used 22000K [0x00000000eab00000, 0x0000000100000000, 0x0000000100000000)
  eden space 303104K, 0% used [0x00000000eab00000,0x00000000eab00000,0x00000000fd300000)
  from space 22016K, 99% used [0x00000000fd300000,0x00000000fe87c3e8,0x00000000fe880000)
  to   space 24064K, 0% used [0x00000000fe880000,0x00000000fe880000,0x0000000100000000)
 ParOldGen       total 699392K, used 691214K [0x00000000c0000000, 0x00000000eab00000, 0x00000000eab00000)
  object space 699392K, 98% used [0x00000000c0000000,0x00000000ea303828,0x00000000eab00000)
 Metaspace       used 334224K, capacity 341634K, committed 346456K, reserved 1343488K
  class space    used 49597K, capacity 51578K, committed 52864K, reserved 1048576K
}
Event: 13231.783 GC heap before
{Heap before GC invocations=275 (full 10):
 PSYoungGen      total 325120K, used 22000K [0x00000000eab00000, 0x0000000100000000, 0x0000000100000000)
  eden space 303104K, 0% used [0x00000000eab00000,0x00000000eab00000,0x00000000fd300000)
  from space 22016K, 99% used [0x00000000fd300000,0x00000000fe87c3e8,0x00000000fe880000)
  to   space 24064K, 0% used [0x00000000fe880000,0x00000000fe880000,0x0000000100000000)
 ParOldGen       total 699392K, used 691214K [0x00000000c0000000, 0x00000000eab00000, 0x00000000eab00000)
  object space 699392K, 98% used [0x00000000c0000000,0x00000000ea303828,0x00000000eab00000)
 Metaspace       used 334224K, capacity 341634K, committed 346456K, reserved 1343488K
  class space    used 49597K, capacity 51578K, committed 52864K, reserved 1048576K
Event: 13232.390 GC heap after
Heap after GC invocations=275 (full 10):
 PSYoungGen      total 325120K, used 0K [0x00000000eab00000, 0x0000000100000000, 0x0000000100000000)
  eden space 303104K, 0% used [0x00000000eab00000,0x00000000eab00000,0x00000000fd300000)
  from space 22016K, 0% used [0x00000000fd300000,0x00000000fd300000,0x00000000fe880000)
  to   space 24064K, 0% used [0x00000000fe880000,0x00000000fe880000,0x0000000100000000)
 ParOldGen       total 699392K, used 468913K [0x00000000c0000000, 0x00000000eab00000, 0x00000000eab00000)
  object space 699392K, 67% used [0x00000000c0000000,0x00000000dc9ec7f0,0x00000000eab00000)
 Metaspace       used 125873K, capacity 131704K, committed 207192K, reserved 1204224K
  class space    used 19490K, capacity 21084K, committed 52864K, reserved 1048576K
}

