# JRE version: Java(TM) SE Runtime Environment (8.0_161-b12) (build 1.8.0_161-b12)
# Java VM: Java HotSpot(TM) 64-Bit Server VM (25.161-b12 mixed mode linux-amd64 compressed oops)
Heap:
 PSYoungGen      total 327680K, used 6053K [0x00000000eab00000, 0x0000000100000000, 0x0000000100000000)
  eden space 308736K, 1% used [0x00000000eab00000,0x00000000eb0e95e0,0x00000000fd880000)
  from space 18944K, 0% used [0x00000000fd880000,0x00000000fd880000,0x00000000feb00000)
  to   space 18432K, 0% used [0x00000000fee00000,0x00000000fee00000,0x0000000100000000)
 ParOldGen       total 699392K, used 266265K [0x00000000c0000000, 0x00000000eab00000, 0x00000000eab00000)
  object space 699392K, 38% used [0x00000000c0000000,0x00000000d0406400,0x00000000eab00000)
 Metaspace       used 133436K, capacity 140586K, committed 218856K, reserved 1222656K
  class space    used 20617K, capacity 22543K, committed 44776K, reserved 1048576K
GC Heap History (10 events):
Event: 7958.207 GC heap before
{Heap before GC invocations=210 (full 7):
 PSYoungGen      total 325120K, used 312800K [0x00000000eab00000, 0x00000000ffe00000, 0x0000000100000000)
  eden space 306176K, 100% used [0x00000000eab00000,0x00000000fd600000,0x00000000fd600000)
  from space 18944K, 34% used [0x00000000feb80000,0x00000000ff1f8000,0x00000000ffe00000)
  to   space 20480K, 0% used [0x00000000fd600000,0x00000000fd600000,0x00000000fea00000)
 ParOldGen       total 699392K, used 658459K [0x00000000c0000000, 0x00000000eab00000, 0x00000000eab00000)
  object space 699392K, 94% used [0x00000000c0000000,0x00000000e8306d70,0x00000000eab00000)
 Metaspace       used 146996K, capacity 155680K, committed 225000K, reserved 1228800K
  class space    used 22454K, capacity 24709K, committed 44776K, reserved 1048576K
Event: 7958.225 GC heap after
Heap after GC invocations=210 (full 7):
 PSYoungGen      total 326656K, used 8512K [0x00000000eab00000, 0x0000000100000000, 0x0000000100000000)
  eden space 306176K, 0% used [0x00000000eab00000,0x00000000eab00000,0x00000000fd600000)
  from space 20480K, 41% used [0x00000000fd600000,0x00000000fde50000,0x00000000fea00000)
  to   space 19968K, 0% used [0x00000000fec80000,0x00000000fec80000,0x0000000100000000)
 ParOldGen       total 699392K, used 663631K [0x00000000c0000000, 0x00000000eab00000, 0x00000000eab00000)
  object space 699392K, 94% used [0x00000000c0000000,0x00000000e8813e20,0x00000000eab00000)
 Metaspace       used 146996K, capacity 155680K, committed 225000K, reserved 1228800K
  class space    used 22454K, capacity 24709K, committed 44776K, reserved 1048576K
}
Event: 7958.479 GC heap before
{Heap before GC invocations=211 (full 7):
 PSYoungGen      total 326656K, used 314688K [0x00000000eab00000, 0x0000000100000000, 0x0000000100000000)
  eden space 306176K, 100% used [0x00000000eab00000,0x00000000fd600000,0x00000000fd600000)
  from space 20480K, 41% used [0x00000000fd600000,0x00000000fde50000,0x00000000fea00000)
  to   space 19968K, 0% used [0x00000000fec80000,0x00000000fec80000,0x0000000100000000)
 ParOldGen       total 699392K, used 663631K [0x00000000c0000000, 0x00000000eab00000, 0x00000000eab00000)
  object space 699392K, 94% used [0x00000000c0000000,0x00000000e8813e20,0x00000000eab00000)
 Metaspace       used 147000K, capacity 155680K, committed 225000K, reserved 1228800K
  class space    used 22454K, capacity 24709K, committed 44776K, reserved 1048576K
Event: 7958.488 GC heap after
Heap after GC invocations=211 (full 7):
 PSYoungGen      total 326144K, used 9056K [0x00000000eab00000, 0x00000000ffd80000, 0x0000000100000000)
  eden space 308736K, 0% used [0x00000000eab00000,0x00000000eab00000,0x00000000fd880000)
  from space 17408K, 52% used [0x00000000fec80000,0x00000000ff558000,0x00000000ffd80000)
  to   space 18944K, 0% used [0x00000000fd880000,0x00000000fd880000,0x00000000feb00000)
 ParOldGen       total 699392K, used 666303K [0x00000000c0000000, 0x00000000eab00000, 0x00000000eab00000)
  object space 699392K, 95% used [0x00000000c0000000,0x00000000e8aafe40,0x00000000eab00000)
 Metaspace       used 147000K, capacity 155680K, committed 225000K, reserved 1228800K
  class space    used 22454K, capacity 24709K, committed 44776K, reserved 1048576K
}
Event: 7958.748 GC heap before
{Heap before GC invocations=212 (full 7):
 PSYoungGen      total 326144K, used 317792K [0x00000000eab00000, 0x00000000ffd80000, 0x0000000100000000)
  eden space 308736K, 100% used [0x00000000eab00000,0x00000000fd880000,0x00000000fd880000)
  from space 17408K, 52% used [0x00000000fec80000,0x00000000ff558000,0x00000000ffd80000)
  to   space 18944K, 0% used [0x00000000fd880000,0x00000000fd880000,0x00000000feb00000)
 ParOldGen       total 699392K, used 666303K [0x00000000c0000000, 0x00000000eab00000, 0x00000000eab00000)
  object space 699392K, 95% used [0x00000000c0000000,0x00000000e8aafe40,0x00000000eab00000)
 Metaspace       used 147003K, capacity 155680K, committed 225000K, reserved 1228800K
  class space    used 22456K, capacity 24709K, committed 44776K, reserved 1048576K
Event: 7958.755 GC heap after
Heap after GC invocations=212 (full 7):
 PSYoungGen      total 327680K, used 8496K [0x00000000eab00000, 0x0000000100000000, 0x0000000100000000)
  eden space 308736K, 0% used [0x00000000eab00000,0x00000000eab00000,0x00000000fd880000)
  from space 18944K, 44% used [0x00000000fd880000,0x00000000fe0cc010,0x00000000feb00000)
  to   space 18432K, 0% used [0x00000000fee00000,0x00000000fee00000,0x0000000100000000)
 ParOldGen       total 699392K, used 673947K [0x00000000c0000000, 0x00000000eab00000, 0x00000000eab00000)
  object space 699392K, 96% used [0x00000000c0000000,0x00000000e9226f50,0x00000000eab00000)
 Metaspace       used 147003K, capacity 155680K, committed 225000K, reserved 1228800K
  class space    used 22456K, capacity 24709K, committed 44776K, reserved 1048576K
}
Event: 7959.133 GC heap before
{Heap before GC invocations=213 (full 7):
 PSYoungGen      total 327680K, used 317232K [0x00000000eab00000, 0x0000000100000000, 0x0000000100000000)
  eden space 308736K, 100% used [0x00000000eab00000,0x00000000fd880000,0x00000000fd880000)
  from space 18944K, 44% used [0x00000000fd880000,0x00000000fe0cc010,0x00000000feb00000)
  to   space 18432K, 0% used [0x00000000fee00000,0x00000000fee00000,0x0000000100000000)
 ParOldGen       total 699392K, used 673947K [0x00000000c0000000, 0x00000000eab00000, 0x00000000eab00000)
  object space 699392K, 96% used [0x00000000c0000000,0x00000000e9226f50,0x00000000eab00000)
 Metaspace       used 147017K, capacity 155694K, committed 225000K, reserved 1228800K
  class space    used 22458K, capacity 24711K, committed 44776K, reserved 1048576K
Event: 7959.282 GC heap after
Heap after GC invocations=213 (full 7):
 PSYoungGen      total 327680K, used 317232K [0x00000000eab00000, 0x0000000100000000, 0x0000000100000000)
  eden space 308736K, 100% used [0x00000000eab00000,0x00000000fd880000,0x00000000fd880000)
  from space 18944K, 44% used [0x00000000fd880000,0x00000000fe0cc010,0x00000000feb00000)
  to   space 18432K, 99% used [0x00000000fee00000,0x00000000ffffd608,0x0000000100000000)
 ParOldGen       total 699392K, used 699389K [0x00000000c0000000, 0x00000000eab00000, 0x00000000eab00000)
  object space 699392K, 99% used [0x00000000c0000000,0x00000000eaaff4c8,0x00000000eab00000)
 Metaspace       used 147017K, capacity 155694K, committed 225000K, reserved 1228800K
  class space    used 22458K, capacity 24711K, committed 44776K, reserved 1048576K
}
Event: 7959.282 GC heap before
{Heap before GC invocations=214 (full 8):
 PSYoungGen      total 327680K, used 317232K [0x00000000eab00000, 0x0000000100000000, 0x0000000100000000)
  eden space 308736K, 100% used [0x00000000eab00000,0x00000000fd880000,0x00000000fd880000)
  from space 18944K, 44% used [0x00000000fd880000,0x00000000fe0cc010,0x00000000feb00000)
  to   space 18432K, 99% used [0x00000000fee00000,0x00000000ffffd608,0x0000000100000000)
 ParOldGen       total 699392K, used 699389K [0x00000000c0000000, 0x00000000eab00000, 0x00000000eab00000)
  object space 699392K, 99% used [0x00000000c0000000,0x00000000eaaff4c8,0x00000000eab00000)
 Metaspace       used 147017K, capacity 155694K, committed 225000K, reserved 1228800K
  class space    used 22458K, capacity 24711K, committed 44776K, reserved 1048576K
Event: 7959.636 GC heap after
Heap after GC invocations=214 (full 8):
 PSYoungGen      total 327680K, used 0K [0x00000000eab00000, 0x0000000100000000, 0x0000000100000000)
  eden space 308736K, 0% used [0x00000000eab00000,0x00000000eab00000,0x00000000fd880000)
  from space 18944K, 0% used [0x00000000fd880000,0x00000000fd880000,0x00000000feb00000)
  to   space 18432K, 0% used [0x00000000fee00000,0x00000000fee00000,0x0000000100000000)
 ParOldGen       total 699392K, used 266265K [0x00000000c0000000, 0x00000000eab00000, 0x00000000eab00000)
  object space 699392K, 38% used [0x00000000c0000000,0x00000000d0406400,0x00000000eab00000)
 Metaspace       used 133435K, capacity 140586K, committed 218856K, reserved 1222656K
  class space    used 20617K, capacity 22543K, committed 44776K, reserved 1048576K
}

